<?xml version="1.0" encoding="UTF-8"?>
<!-- Generated by org.testng.reporters.JUnitReportReporter -->
<testsuite skipped="0" hostname="bittechs-imac-3.lan" name="com.test.SmokeTest" tests="1" failures="0" timestamp="06 Feb 2019 01:39:51 GMT" time="7.136" errors="0">
  <testcase name="test34" time="7.136" classname="com.test.SmokeTest"/>
</testsuite> <!-- com.test.SmokeTest -->
